# JRE version: OpenJDK Runtime Environment (8.0_242-b01) (build 1.8.0_242-release-1644-b01)
# Java VM: OpenJDK 64-Bit Server VM (25.242-b01 mixed mode windows-amd64 compressed oops)
Heap:
 PSYoungGen      total 550912K, used 248183K [0x00000000d5580000, 0x0000000100000000, 0x0000000100000000)
  eden space 471552K, 35% used [0x00000000d5580000,0x00000000dfa90e40,0x00000000f2200000)
  from space 79360K, 99% used [0x00000000f2200000,0x00000000f6f7d800,0x00000000f6f80000)
  to   space 112640K, 0% used [0x00000000f9200000,0x00000000f9200000,0x0000000100000000)
 ParOldGen       total 359936K, used 154217K [0x0000000080000000, 0x0000000095f80000, 0x00000000d5580000)
  object space 359936K, 42% used [0x0000000080000000,0x000000008969a680,0x0000000095f80000)
 Metaspace       used 185572K, capacity 196704K, committed 197012K, reserved 1220608K
  class space    used 22937K, capacity 24885K, committed 25020K, reserved 1048576K
GC Heap History (10 events):
Event: 4918.737 GC heap before
{Heap before GC invocations=41 (full 6):
 PSYoungGen      total 520192K, used 491120K [0x00000000d5580000, 0x00000000fa880000, 0x0000000100000000)
  eden space 441344K, 99% used [0x00000000d5580000,0x00000000f0476920,0x00000000f0480000)
  from space 78848K, 63% used [0x00000000f5b80000,0x00000000f8c25970,0x00000000fa880000)
  to   space 83968K, 0% used [0x00000000f0480000,0x00000000f0480000,0x00000000f5680000)
 ParOldGen       total 359936K, used 90433K [0x0000000080000000, 0x0000000095f80000, 0x00000000d5580000)
  object space 359936K, 25% used [0x0000000080000000,0x0000000085850430,0x0000000095f80000)
 Metaspace       used 182945K, capacity 193944K, committed 194452K, reserved 1218560K
  class space    used 22699K, capacity 24625K, committed 24764K, reserved 1048576K
Event: 4918.772 GC heap after
Heap after GC invocations=41 (full 6):
 PSYoungGen      total 525312K, used 60058K [0x00000000d5580000, 0x00000000fc400000, 0x0000000100000000)
  eden space 441344K, 0% used [0x00000000d5580000,0x00000000d5580000,0x00000000f0480000)
  from space 83968K, 71% used [0x00000000f0480000,0x00000000f3f26808,0x00000000f5680000)
  to   space 87040K, 0% used [0x00000000f6f00000,0x00000000f6f00000,0x00000000fc400000)
 ParOldGen       total 359936K, used 90441K [0x0000000080000000, 0x0000000095f80000, 0x00000000d5580000)
  object space 359936K, 25% used [0x0000000080000000,0x0000000085852430,0x0000000095f80000)
 Metaspace       used 182945K, capacity 193944K, committed 194452K, reserved 1218560K
  class space    used 22699K, capacity 24625K, committed 24764K, reserved 1048576K
}
Event: 5116.347 GC heap before
{Heap before GC invocations=42 (full 6):
 PSYoungGen      total 525312K, used 501402K [0x00000000d5580000, 0x00000000fc400000, 0x0000000100000000)
  eden space 441344K, 100% used [0x00000000d5580000,0x00000000f0480000,0x00000000f0480000)
  from space 83968K, 71% used [0x00000000f0480000,0x00000000f3f26808,0x00000000f5680000)
  to   space 87040K, 0% used [0x00000000f6f00000,0x00000000f6f00000,0x00000000fc400000)
 ParOldGen       total 359936K, used 90441K [0x0000000080000000, 0x0000000095f80000, 0x00000000d5580000)
  object space 359936K, 25% used [0x0000000080000000,0x0000000085852430,0x0000000095f80000)
 Metaspace       used 183108K, capacity 194096K, committed 194708K, reserved 1218560K
  class space    used 22705K, capacity 24635K, committed 24764K, reserved 1048576K
Event: 5116.369 GC heap after
Heap after GC invocations=42 (full 6):
 PSYoungGen      total 532992K, used 39211K [0x00000000d5580000, 0x00000000fb780000, 0x0000000100000000)
  eden space 458752K, 0% used [0x00000000d5580000,0x00000000d5580000,0x00000000f1580000)
  from space 74240K, 52% used [0x00000000f6f00000,0x00000000f954aff8,0x00000000fb780000)
  to   space 82944K, 0% used [0x00000000f1580000,0x00000000f1580000,0x00000000f6680000)
 ParOldGen       total 359936K, used 90449K [0x0000000080000000, 0x0000000095f80000, 0x00000000d5580000)
  object space 359936K, 25% used [0x0000000080000000,0x0000000085854430,0x0000000095f80000)
 Metaspace       used 183108K, capacity 194096K, committed 194708K, reserved 1218560K
  class space    used 22705K, capacity 24635K, committed 24764K, reserved 1048576K
}
Event: 5145.986 GC heap before
{Heap before GC invocations=43 (full 6):
 PSYoungGen      total 532992K, used 497963K [0x00000000d5580000, 0x00000000fb780000, 0x0000000100000000)
  eden space 458752K, 100% used [0x00000000d5580000,0x00000000f1580000,0x00000000f1580000)
  from space 74240K, 52% used [0x00000000f6f00000,0x00000000f954aff8,0x00000000fb780000)
  to   space 82944K, 0% used [0x00000000f1580000,0x00000000f1580000,0x00000000f6680000)
 ParOldGen       total 359936K, used 90449K [0x0000000080000000, 0x0000000095f80000, 0x00000000d5580000)
  object space 359936K, 25% used [0x0000000080000000,0x0000000085854430,0x0000000095f80000)
 Metaspace       used 183306K, capacity 194382K, committed 194964K, reserved 1220608K
  class space    used 22708K, capacity 24638K, committed 24764K, reserved 1048576K
Event: 5146.013 GC heap after
Heap after GC invocations=43 (full 6):
 PSYoungGen      total 541696K, used 46837K [0x00000000d5580000, 0x00000000fc300000, 0x0000000100000000)
  eden space 458752K, 0% used [0x00000000d5580000,0x00000000d5580000,0x00000000f1580000)
  from space 82944K, 56% used [0x00000000f1580000,0x00000000f433d788,0x00000000f6680000)
  to   space 80896K, 0% used [0x00000000f7400000,0x00000000f7400000,0x00000000fc300000)
 ParOldGen       total 359936K, used 90457K [0x0000000080000000, 0x0000000095f80000, 0x00000000d5580000)
  object space 359936K, 25% used [0x0000000080000000,0x0000000085856430,0x0000000095f80000)
 Metaspace       used 183306K, capacity 194382K, committed 194964K, reserved 1220608K
  class space    used 22708K, capacity 24638K, committed 24764K, reserved 1048576K
}
Event: 5247.162 GC heap before
{Heap before GC invocations=44 (full 6):
 PSYoungGen      total 541696K, used 505589K [0x00000000d5580000, 0x00000000fc300000, 0x0000000100000000)
  eden space 458752K, 100% used [0x00000000d5580000,0x00000000f1580000,0x00000000f1580000)
  from space 82944K, 56% used [0x00000000f1580000,0x00000000f433d788,0x00000000f6680000)
  to   space 80896K, 0% used [0x00000000f7400000,0x00000000f7400000,0x00000000fc300000)
 ParOldGen       total 359936K, used 90457K [0x0000000080000000, 0x0000000095f80000, 0x00000000d5580000)
  object space 359936K, 25% used [0x0000000080000000,0x0000000085856430,0x0000000095f80000)
 Metaspace       used 184716K, capacity 195764K, committed 196116K, reserved 1220608K
  class space    used 22846K, capacity 24771K, committed 24892K, reserved 1048576K
Event: 5247.199 GC heap after
Heap after GC invocations=44 (full 6):
 PSYoungGen      total 546304K, used 47671K [0x00000000d5580000, 0x00000000fbd00000, 0x0000000100000000)
  eden space 471552K, 0% used [0x00000000d5580000,0x00000000d5580000,0x00000000f2200000)
  from space 74752K, 63% used [0x00000000f7400000,0x00000000fa28df28,0x00000000fbd00000)
  to   space 79360K, 0% used [0x00000000f2200000,0x00000000f2200000,0x00000000f6f80000)
 ParOldGen       total 359936K, used 90465K [0x0000000080000000, 0x0000000095f80000, 0x00000000d5580000)
  object space 359936K, 25% used [0x0000000080000000,0x0000000085858430,0x0000000095f80000)
 Metaspace       used 184716K, capacity 195764K, committed 196116K, reserved 1220608K
  class space    used 22846K, capacity 24771K, committed 24892K, reserved 1048576K
}
Event: 5248.487 GC heap before
{Heap before GC invocations=45 (full 6):
 PSYoungGen      total 546304K, used 519223K [0x00000000d5580000, 0x00000000fbd00000, 0x0000000100000000)
  eden space 471552K, 100% used [0x00000000d5580000,0x00000000f2200000,0x00000000f2200000)
  from space 74752K, 63% used [0x00000000f7400000,0x00000000fa28df28,0x00000000fbd00000)
  to   space 79360K, 0% used [0x00000000f2200000,0x00000000f2200000,0x00000000f6f80000)
 ParOldGen       total 359936K, used 90465K [0x0000000080000000, 0x0000000095f80000, 0x00000000d5580000)
  object space 359936K, 25% used [0x0000000080000000,0x0000000085858430,0x0000000095f80000)
 Metaspace       used 185567K, capacity 196704K, committed 197012K, reserved 1220608K
  class space    used 22937K, capacity 24885K, committed 25020K, reserved 1048576K
Event: 5248.584 GC heap after
Heap after GC invocations=45 (full 6):
 PSYoungGen      total 550912K, used 79350K [0x00000000d5580000, 0x0000000100000000, 0x0000000100000000)
  eden space 471552K, 0% used [0x00000000d5580000,0x00000000d5580000,0x00000000f2200000)
  from space 79360K, 99% used [0x00000000f2200000,0x00000000f6f7d800,0x00000000f6f80000)
  to   space 112640K, 0% used [0x00000000f9200000,0x00000000f9200000,0x0000000100000000)
 ParOldGen       total 359936K, used 154217K [0x0000000080000000, 0x0000000095f80000, 0x00000000d5580000)
  object space 359936K, 42% used [0x0000000080000000,0x000000008969a680,0x0000000095f80000)
 Metaspace       used 185567K, capacity 196704K, committed 197012K, reserved 1220608K
  class space    used 22937K, capacity 24885K, committed 25020K, reserved 1048576K
}

